C:\USERS\ADMINISTRATOR\DESKTOP\1.9\GAUSSIANBLURFIRSTALGORITHM\DEBUG\GAUSSIANBLURFIRSTALGORITHM.EXE
C:\USERS\ADMINISTRATOR\DESKTOP\1.9\GAUSSIANBLURFIRSTALGORITHM\DEBUG\GAUSSIANBLURFIRSTALGORITHM.ILK
C:\USERS\ADMINISTRATOR\DESKTOP\1.9\GAUSSIANBLURFIRSTALGORITHM\DEBUG\GAUSSIANBLURFIRSTALGORITHM.PDB
C:\USERS\ADMINISTRATOR\DESKTOP\1.9\GAUSSIANBLURFIRSTALGORITHM\GAUSSIANBLURFIRSTALGORITHM\DEBUG\GAUSSIANBLURFIRSTALGORITHM.EXE.EMBED.MANIFEST
C:\USERS\ADMINISTRATOR\DESKTOP\1.9\GAUSSIANBLURFIRSTALGORITHM\GAUSSIANBLURFIRSTALGORITHM\DEBUG\GAUSSIANBLURFIRSTALGORITHM.EXE.EMBED.MANIFEST.RES
C:\USERS\ADMINISTRATOR\DESKTOP\1.9\GAUSSIANBLURFIRSTALGORITHM\GAUSSIANBLURFIRSTALGORITHM\DEBUG\GAUSSIANBLURFIRSTALGORITHM.EXE.INTERMEDIATE.MANIFEST
C:\USERS\ADMINISTRATOR\DESKTOP\1.9\GAUSSIANBLURFIRSTALGORITHM\GAUSSIANBLURFIRSTALGORITHM\DEBUG\GAUSSIANBLURFIRSTALGORITHM.OBJ
C:\USERS\ADMINISTRATOR\DESKTOP\1.9\GAUSSIANBLURFIRSTALGORITHM\GAUSSIANBLURFIRSTALGORITHM\DEBUG\GAUSSIANBLURFIRSTALGORITHM.PCH
C:\USERS\ADMINISTRATOR\DESKTOP\1.9\GAUSSIANBLURFIRSTALGORITHM\GAUSSIANBLURFIRSTALGORITHM\DEBUG\STDAFX.OBJ
C:\USERS\ADMINISTRATOR\DESKTOP\1.9\GAUSSIANBLURFIRSTALGORITHM\GAUSSIANBLURFIRSTALGORITHM\DEBUG\VC100.PDB
C:\USERS\WHD\DESKTOP\1.9\GAUSSIANBLURFIRSTALGORITHM\DEBUG\GAUSSIANBLURFIRSTALGORITHM.EXE
C:\USERS\WHD\DESKTOP\1.9\GAUSSIANBLURFIRSTALGORITHM\DEBUG\GAUSSIANBLURFIRSTALGORITHM.ILK
C:\USERS\WHD\DESKTOP\1.9\GAUSSIANBLURFIRSTALGORITHM\DEBUG\GAUSSIANBLURFIRSTALGORITHM.PDB
C:\Users\whd\Desktop\1.9\GaussianBlurFirstAlgorithm\GaussianBlurFirstAlgorithm\Debug\cl.command.1.tlog
C:\Users\whd\Desktop\1.9\GaussianBlurFirstAlgorithm\GaussianBlurFirstAlgorithm\Debug\CL.read.1.tlog
C:\Users\whd\Desktop\1.9\GaussianBlurFirstAlgorithm\GaussianBlurFirstAlgorithm\Debug\CL.write.1.tlog
C:\Users\whd\Desktop\1.9\GaussianBlurFirstAlgorithm\GaussianBlurFirstAlgorithm\Debug\GaussianBlurFirstAlgorithm.exe.embed.manifest
C:\USERS\WHD\DESKTOP\1.9\GAUSSIANBLURFIRSTALGORITHM\GAUSSIANBLURFIRSTALGORITHM\DEBUG\GAUSSIANBLURFIRSTALGORITHM.EXE.EMBED.MANIFEST.RES
C:\USERS\WHD\DESKTOP\1.9\GAUSSIANBLURFIRSTALGORITHM\GAUSSIANBLURFIRSTALGORITHM\DEBUG\GAUSSIANBLURFIRSTALGORITHM.EXE.INTERMEDIATE.MANIFEST
C:\USERS\WHD\DESKTOP\1.9\GAUSSIANBLURFIRSTALGORITHM\GAUSSIANBLURFIRSTALGORITHM\DEBUG\GAUSSIANBLURFIRSTALGORITHM.OBJ
C:\USERS\WHD\DESKTOP\1.9\GAUSSIANBLURFIRSTALGORITHM\GAUSSIANBLURFIRSTALGORITHM\DEBUG\GAUSSIANBLURFIRSTALGORITHM.PCH
C:\Users\whd\Desktop\1.9\GaussianBlurFirstAlgorithm\GaussianBlurFirstAlgorithm\Debug\GaussianBlurFirstAlgorithm.vcxprojResolveAssemblyReference.cache
C:\Users\whd\Desktop\1.9\GaussianBlurFirstAlgorithm\GaussianBlurFirstAlgorithm\Debug\GaussianBlurFirstAlgorithm.write.1.tlog
C:\Users\whd\Desktop\1.9\GaussianBlurFirstAlgorithm\GaussianBlurFirstAlgorithm\Debug\GaussianBlurFirstAlgorithm_manifest.rc
C:\Users\whd\Desktop\1.9\GaussianBlurFirstAlgorithm\GaussianBlurFirstAlgorithm\Debug\link.6224.read.1.tlog
C:\Users\whd\Desktop\1.9\GaussianBlurFirstAlgorithm\GaussianBlurFirstAlgorithm\Debug\link.6224.write.1.tlog
C:\Users\whd\Desktop\1.9\GaussianBlurFirstAlgorithm\GaussianBlurFirstAlgorithm\Debug\link.6224-cvtres.read.1.tlog
C:\Users\whd\Desktop\1.9\GaussianBlurFirstAlgorithm\GaussianBlurFirstAlgorithm\Debug\link.6224-cvtres.write.1.tlog
C:\Users\whd\Desktop\1.9\GaussianBlurFirstAlgorithm\GaussianBlurFirstAlgorithm\Debug\link.9132.read.1.tlog
C:\Users\whd\Desktop\1.9\GaussianBlurFirstAlgorithm\GaussianBlurFirstAlgorithm\Debug\link.9132.write.1.tlog
C:\Users\whd\Desktop\1.9\GaussianBlurFirstAlgorithm\GaussianBlurFirstAlgorithm\Debug\link.9132-cvtres.read.1.tlog
C:\Users\whd\Desktop\1.9\GaussianBlurFirstAlgorithm\GaussianBlurFirstAlgorithm\Debug\link.9132-cvtres.write.1.tlog
C:\Users\whd\Desktop\1.9\GaussianBlurFirstAlgorithm\GaussianBlurFirstAlgorithm\Debug\link.command.1.tlog
C:\Users\whd\Desktop\1.9\GaussianBlurFirstAlgorithm\GaussianBlurFirstAlgorithm\Debug\link.read.1.tlog
C:\Users\whd\Desktop\1.9\GaussianBlurFirstAlgorithm\GaussianBlurFirstAlgorithm\Debug\link.write.1.tlog
C:\Users\whd\Desktop\1.9\GaussianBlurFirstAlgorithm\GaussianBlurFirstAlgorithm\Debug\link-cvtres.read.1.tlog
C:\Users\whd\Desktop\1.9\GaussianBlurFirstAlgorithm\GaussianBlurFirstAlgorithm\Debug\link-cvtres.write.1.tlog
C:\Users\whd\Desktop\1.9\GaussianBlurFirstAlgorithm\GaussianBlurFirstAlgorithm\Debug\mt.command.1.tlog
C:\Users\whd\Desktop\1.9\GaussianBlurFirstAlgorithm\GaussianBlurFirstAlgorithm\Debug\mt.read.1.tlog
C:\Users\whd\Desktop\1.9\GaussianBlurFirstAlgorithm\GaussianBlurFirstAlgorithm\Debug\mt.write.1.tlog
C:\Users\whd\Desktop\1.9\GaussianBlurFirstAlgorithm\GaussianBlurFirstAlgorithm\Debug\rc.command.1.tlog
C:\Users\whd\Desktop\1.9\GaussianBlurFirstAlgorithm\GaussianBlurFirstAlgorithm\Debug\rc.read.1.tlog
C:\Users\whd\Desktop\1.9\GaussianBlurFirstAlgorithm\GaussianBlurFirstAlgorithm\Debug\rc.write.1.tlog
C:\USERS\WHD\DESKTOP\1.9\GAUSSIANBLURFIRSTALGORITHM\GAUSSIANBLURFIRSTALGORITHM\DEBUG\STDAFX.OBJ
C:\Users\whd\Desktop\1.9\GaussianBlurFirstAlgorithm\GaussianBlurFirstAlgorithm\Debug\vc100.idb
C:\USERS\WHD\DESKTOP\1.9\GAUSSIANBLURFIRSTALGORITHM\GAUSSIANBLURFIRSTALGORITHM\DEBUG\VC100.PDB
